2018-04-04 15:07:32,710 [Worker-0] INFO  o.e.m.c.i.l.LifecycleMappingFactory - Using org.eclipse.m2e.jdt.JarLifecycleMapping lifecycle mapping for MavenProject: org.etri.slice:org.etri.slice.apps:0.9.1 @ /Users/yhsuh/development/slice-project/git/slice/org.etri.slice.apps/pom.xml.
2018-04-04 15:07:33,334 [Worker-0] INFO  o.e.m.j.i.AbstractJavaProjectConfigurator - Adding source folder /org.etri.slice.apps/src/main/java
2018-04-04 15:07:33,334 [Worker-0] INFO  o.e.m.j.i.AbstractJavaProjectConfigurator - Adding source folder /org.etri.slice.apps/src/test/java
2018-04-04 15:07:33,442 [Worker-0] INFO  o.e.m.c.i.p.ProjectConfigurationManager - Imported and configured 1 project(s) in 1 sec
2018-04-04 15:07:37,941 [Worker-3] WARN  o.e.m.c.i.embedder.EclipseLogger - Using platform encoding (UTF-8 actually) to copy filtered resources, i.e. build is platform dependent!
2018-04-04 15:07:37,942 [Worker-3] INFO  o.e.m.c.i.embedder.EclipseLogger - skip non existing resourceDirectory /Users/yhsuh/development/slice-project/git/slice/org.etri.slice.apps/src/main/resources
2018-04-04 15:07:37,945 [Worker-3] WARN  o.e.m.c.i.embedder.EclipseLogger - Using platform encoding (UTF-8 actually) to copy filtered resources, i.e. build is platform dependent!
2018-04-04 15:07:37,946 [Worker-3] INFO  o.e.m.c.i.embedder.EclipseLogger - skip non existing resourceDirectory /Users/yhsuh/development/slice-project/git/slice/org.etri.slice.apps/src/test/resources
2018-04-04 15:07:37,949 [Worker-3] WARN  o.e.m.c.i.embedder.EclipseLogger - Using platform encoding (UTF-8 actually) to copy filtered resources, i.e. build is platform dependent!
2018-04-04 15:07:37,956 [Worker-3] INFO  o.e.m.c.i.embedder.EclipseLogger - Copying 35 resources
2018-04-04 15:17:57,221 [Worker-6] WARN  o.e.m.c.i.embedder.EclipseLogger - Using platform encoding (UTF-8 actually) to copy filtered resources, i.e. build is platform dependent!
2018-04-04 15:17:57,224 [Worker-6] INFO  o.e.m.c.i.embedder.EclipseLogger - skip non existing resourceDirectory /Users/yhsuh/development/slice-project/git/slice/org.etri.slice.apps/src/main/resources
2018-04-04 15:17:57,226 [Worker-6] WARN  o.e.m.c.i.embedder.EclipseLogger - Using platform encoding (UTF-8 actually) to copy filtered resources, i.e. build is platform dependent!
2018-04-04 15:17:57,228 [Worker-6] INFO  o.e.m.c.i.embedder.EclipseLogger - skip non existing resourceDirectory /Users/yhsuh/development/slice-project/git/slice/org.etri.slice.apps/src/test/resources
2018-04-04 15:17:57,231 [Worker-6] WARN  o.e.m.c.i.embedder.EclipseLogger - Using platform encoding (UTF-8 actually) to copy filtered resources, i.e. build is platform dependent!
2018-04-04 15:17:57,240 [Worker-6] INFO  o.e.m.c.i.embedder.EclipseLogger - Copying 35 resources
2018-04-04 15:18:35,042 [Worker-15] WARN  o.e.m.c.i.embedder.EclipseLogger - Using platform encoding (UTF-8 actually) to copy filtered resources, i.e. build is platform dependent!
2018-04-04 15:18:35,043 [Worker-15] INFO  o.e.m.c.i.embedder.EclipseLogger - skip non existing resourceDirectory /Users/yhsuh/development/slice-project/git/slice/org.etri.slice.apps/src/main/resources
2018-04-04 15:18:35,044 [Worker-15] WARN  o.e.m.c.i.embedder.EclipseLogger - Using platform encoding (UTF-8 actually) to copy filtered resources, i.e. build is platform dependent!
2018-04-04 15:18:35,044 [Worker-15] INFO  o.e.m.c.i.embedder.EclipseLogger - skip non existing resourceDirectory /Users/yhsuh/development/slice-project/git/slice/org.etri.slice.apps/src/test/resources
2018-04-04 15:18:35,045 [Worker-15] WARN  o.e.m.c.i.embedder.EclipseLogger - Using platform encoding (UTF-8 actually) to copy filtered resources, i.e. build is platform dependent!
2018-04-04 15:18:35,048 [Worker-15] INFO  o.e.m.c.i.embedder.EclipseLogger - Copying 0 resource
2018-04-04 15:19:08,137 [Worker-17] WARN  o.e.m.c.i.embedder.EclipseLogger - Using platform encoding (UTF-8 actually) to copy filtered resources, i.e. build is platform dependent!
2018-04-04 15:19:08,138 [Worker-17] INFO  o.e.m.c.i.embedder.EclipseLogger - skip non existing resourceDirectory /Users/yhsuh/development/slice-project/git/slice/org.etri.slice.apps/src/main/resources
2018-04-04 15:19:08,139 [Worker-17] WARN  o.e.m.c.i.embedder.EclipseLogger - Using platform encoding (UTF-8 actually) to copy filtered resources, i.e. build is platform dependent!
2018-04-04 15:19:08,142 [Worker-17] INFO  o.e.m.c.i.embedder.EclipseLogger - skip non existing resourceDirectory /Users/yhsuh/development/slice-project/git/slice/org.etri.slice.apps/src/test/resources
2018-04-04 15:19:08,143 [Worker-17] WARN  o.e.m.c.i.embedder.EclipseLogger - Using platform encoding (UTF-8 actually) to copy filtered resources, i.e. build is platform dependent!
2018-04-04 15:19:08,143 [Worker-17] INFO  o.e.m.c.i.embedder.EclipseLogger - Copying 0 resource
2018-04-04 15:20:06,214 [Worker-12] INFO  o.e.m.c.i.l.LifecycleMappingFactory - Using NULL lifecycle mapping for MavenProject: org.etri.slice:org.etri.slice:0.9.1 @ /Users/yhsuh/development/slice-project/git/slice/org.etri.slice.apps/org.etri.slice.generated/pom.xml.
2018-04-04 15:20:06,287 [Worker-12] INFO  o.e.m.c.i.l.LifecycleMappingFactory - Using NULL lifecycle mapping for MavenProject: org.etri.slice:org.etri.slice.agents:0.9.1 @ /Users/yhsuh/development/slice-project/git/slice/org.etri.slice.apps/org.etri.slice.generated/org.etri.slice.agents/pom.xml.
2018-04-04 15:20:06,422 [Worker-12] INFO  o.e.m.c.i.l.LifecycleMappingFactory - Using DEFAULT lifecycle mapping for MavenProject: org.etri.slice:org.etri.slice.agents.car.objectdetector:0.9.1 @ /Users/yhsuh/development/slice-project/git/slice/org.etri.slice.apps/org.etri.slice.generated/org.etri.slice.agents/org.etri.slice.agents.car.objectdetector/pom.xml.
2018-04-04 15:20:06,651 [Worker-12] INFO  o.e.m.c.i.l.LifecycleMappingFactory - Using DEFAULT lifecycle mapping for MavenProject: org.etri.slice:org.etri.slice.agents.car.fullbodydetector:0.9.1 @ /Users/yhsuh/development/slice-project/git/slice/org.etri.slice.apps/org.etri.slice.generated/org.etri.slice.agents/org.etri.slice.agents.car.fullbodydetector/pom.xml.
2018-04-04 15:20:06,683 [Worker-12] INFO  o.e.m.c.i.l.LifecycleMappingFactory - Using DEFAULT lifecycle mapping for MavenProject: org.etri.slice:org.etri.slice.agents.car.pressuresensor:0.9.1 @ /Users/yhsuh/development/slice-project/git/slice/org.etri.slice.apps/org.etri.slice.generated/org.etri.slice.agents/org.etri.slice.agents.car.pressuresensor/pom.xml.
2018-04-04 15:20:06,716 [Worker-12] INFO  o.e.m.c.i.l.LifecycleMappingFactory - Using DEFAULT lifecycle mapping for MavenProject: org.etri.slice:org.etri.slice.agents.car.carseat:0.9.1 @ /Users/yhsuh/development/slice-project/git/slice/org.etri.slice.apps/org.etri.slice.generated/org.etri.slice.agents/org.etri.slice.agents.car.carseat/pom.xml.
2018-04-04 15:20:06,728 [Worker-12] INFO  o.e.m.c.i.l.LifecycleMappingFactory - Using NULL lifecycle mapping for MavenProject: org.etri.slice.devices:org.etri.slice.devices:0.9.1 @ /Users/yhsuh/development/slice-project/git/slice/org.etri.slice.apps/org.etri.slice.generated/org.etri.slice.devices/pom.xml.
2018-04-04 15:20:06,786 [Worker-12] INFO  o.e.m.c.i.l.LifecycleMappingFactory - Using DEFAULT lifecycle mapping for MavenProject: org.etri.slice.devices:org.etri.slice.devices.car.objectdetector:0.9.1 @ /Users/yhsuh/development/slice-project/git/slice/org.etri.slice.apps/org.etri.slice.generated/org.etri.slice.devices/org.etri.slice.devices.car.objectdetector/pom.xml.
2018-04-04 15:20:06,814 [Worker-12] INFO  o.e.m.c.i.l.LifecycleMappingFactory - Using DEFAULT lifecycle mapping for MavenProject: org.etri.slice.devices:org.etri.slice.devices.car.fullbodydetector:0.9.1 @ /Users/yhsuh/development/slice-project/git/slice/org.etri.slice.apps/org.etri.slice.generated/org.etri.slice.devices/org.etri.slice.devices.car.fullbodydetector/pom.xml.
2018-04-04 15:20:06,841 [Worker-12] INFO  o.e.m.c.i.l.LifecycleMappingFactory - Using DEFAULT lifecycle mapping for MavenProject: org.etri.slice.devices:org.etri.slice.devices.car.pressuresensor:0.9.1 @ /Users/yhsuh/development/slice-project/git/slice/org.etri.slice.apps/org.etri.slice.generated/org.etri.slice.devices/org.etri.slice.devices.car.pressuresensor/pom.xml.
2018-04-04 15:20:06,866 [Worker-12] INFO  o.e.m.c.i.l.LifecycleMappingFactory - Using DEFAULT lifecycle mapping for MavenProject: org.etri.slice.devices:org.etri.slice.devices.car.carseat:0.9.1 @ /Users/yhsuh/development/slice-project/git/slice/org.etri.slice.apps/org.etri.slice.generated/org.etri.slice.devices/org.etri.slice.devices.car.carseat/pom.xml.
2018-04-04 15:20:06,878 [Worker-12] INFO  o.e.m.c.i.l.LifecycleMappingFactory - Using NULL lifecycle mapping for MavenProject: org.etri.slice:org.etri.slice.models:0.9.1 @ /Users/yhsuh/development/slice-project/git/slice/org.etri.slice.apps/org.etri.slice.generated/org.etri.slice.models/pom.xml.
2018-04-04 15:20:06,904 [Worker-12] INFO  o.e.m.c.i.l.LifecycleMappingFactory - Using DEFAULT lifecycle mapping for MavenProject: org.etri.slice.commons:org.etri.slice.commons.car:0.9.1 @ /Users/yhsuh/development/slice-project/git/slice/org.etri.slice.apps/org.etri.slice.generated/org.etri.slice.models/org.etri.slice.commons.car/pom.xml.
2018-04-04 15:20:06,915 [Worker-12] INFO  o.e.m.c.i.l.LifecycleMappingFactory - Using NULL lifecycle mapping for MavenProject: org.etri.slice:org.etri.slice.rules:0.9.1 @ /Users/yhsuh/development/slice-project/git/slice/org.etri.slice.apps/org.etri.slice.generated/org.etri.slice.rules/pom.xml.
2018-04-04 15:20:06,953 [Worker-12] INFO  o.e.m.c.i.l.LifecycleMappingFactory - Using org.eclipse.m2e.jdt.JarLifecycleMapping lifecycle mapping for MavenProject: org.etri.slice:org.etri.slice.rules.car.objectdetector:0.9.1 @ /Users/yhsuh/development/slice-project/git/slice/org.etri.slice.apps/org.etri.slice.generated/org.etri.slice.rules/org.etri.slice.rules.car.objectdetector/pom.xml.
2018-04-04 15:20:06,963 [Worker-12] INFO  o.e.m.c.i.l.LifecycleMappingFactory - Using org.eclipse.m2e.jdt.JarLifecycleMapping lifecycle mapping for MavenProject: org.etri.slice:org.etri.slice.rules.car.fullbodydetector:0.9.1 @ /Users/yhsuh/development/slice-project/git/slice/org.etri.slice.apps/org.etri.slice.generated/org.etri.slice.rules/org.etri.slice.rules.car.fullbodydetector/pom.xml.
2018-04-04 15:20:06,973 [Worker-12] INFO  o.e.m.c.i.l.LifecycleMappingFactory - Using org.eclipse.m2e.jdt.JarLifecycleMapping lifecycle mapping for MavenProject: org.etri.slice:org.etri.slice.rules.car.pressuresensor:0.9.1 @ /Users/yhsuh/development/slice-project/git/slice/org.etri.slice.apps/org.etri.slice.generated/org.etri.slice.rules/org.etri.slice.rules.car.pressuresensor/pom.xml.
2018-04-04 15:20:07,035 [Worker-12] INFO  o.e.m.c.i.l.LifecycleMappingFactory - Using org.eclipse.m2e.jdt.JarLifecycleMapping lifecycle mapping for MavenProject: org.etri.slice:org.etri.slice.rules.car.carseat:0.9.1 @ /Users/yhsuh/development/slice-project/git/slice/org.etri.slice.apps/org.etri.slice.generated/org.etri.slice.rules/org.etri.slice.rules.car.carseat/pom.xml.
2018-04-04 15:20:07,049 [Worker-12] INFO  o.e.m.c.i.l.LifecycleMappingFactory - Using org.eclipse.m2e.jdt.JarLifecycleMapping lifecycle mapping for MavenProject: org.etri.slice:org.etri.slice.distribution:0.9.1 @ /Users/yhsuh/development/slice-project/git/slice/org.etri.slice.apps/org.etri.slice.generated/org.etri.slice.distribution/pom.xml.
2018-04-04 15:20:07,916 [Worker-12] INFO  o.e.m.j.i.AbstractJavaProjectConfigurator - Adding source folder /org.etri.slice.commons.car/src/main/java
2018-04-04 15:20:07,917 [Worker-12] INFO  o.e.m.j.i.AbstractJavaProjectConfigurator - Adding source folder /org.etri.slice.commons.car/src/test/java
2018-04-04 15:20:07,965 [Worker-12] INFO  o.e.m.j.i.AbstractJavaProjectConfigurator - Adding source folder /org.etri.slice.devices.car.fullbodydetector/src/main/java
2018-04-04 15:20:07,966 [Worker-12] INFO  o.e.m.j.i.AbstractJavaProjectConfigurator - Adding resource folder /org.etri.slice.devices.car.fullbodydetector/src/main/resources
2018-04-04 15:20:07,966 [Worker-12] INFO  o.e.m.j.i.AbstractJavaProjectConfigurator - Adding source folder /org.etri.slice.devices.car.fullbodydetector/src/test/java
2018-04-04 15:20:08,031 [Worker-12] INFO  o.e.m.j.i.AbstractJavaProjectConfigurator - Adding source folder /org.etri.slice.rules.car.pressuresensor/src/main/java
2018-04-04 15:20:08,032 [Worker-12] INFO  o.e.m.j.i.AbstractJavaProjectConfigurator - Adding resource folder /org.etri.slice.rules.car.pressuresensor/src/main/resources
2018-04-04 15:20:08,032 [Worker-12] INFO  o.e.m.j.i.AbstractJavaProjectConfigurator - Adding source folder /org.etri.slice.rules.car.pressuresensor/src/test/java
2018-04-04 15:20:08,046 [Worker-12] INFO  o.e.m.j.i.AbstractJavaProjectConfigurator - Adding source folder /org.etri.slice.agents.car.objectdetector/src/main/java
2018-04-04 15:20:08,046 [Worker-12] INFO  o.e.m.j.i.AbstractJavaProjectConfigurator - Adding resource folder /org.etri.slice.agents.car.objectdetector/src/main/resources
2018-04-04 15:20:08,046 [Worker-12] INFO  o.e.m.j.i.AbstractJavaProjectConfigurator - Adding source folder /org.etri.slice.agents.car.objectdetector/src/test/java
2018-04-04 15:20:08,085 [Worker-12] INFO  o.e.m.j.i.AbstractJavaProjectConfigurator - Adding source folder /org.etri.slice.devices.car.objectdetector/src/main/java
2018-04-04 15:20:08,085 [Worker-12] INFO  o.e.m.j.i.AbstractJavaProjectConfigurator - Adding resource folder /org.etri.slice.devices.car.objectdetector/src/main/resources
2018-04-04 15:20:08,085 [Worker-12] INFO  o.e.m.j.i.AbstractJavaProjectConfigurator - Adding source folder /org.etri.slice.devices.car.objectdetector/src/test/java
2018-04-04 15:20:08,130 [Worker-12] INFO  o.e.m.j.i.AbstractJavaProjectConfigurator - Adding source folder /org.etri.slice.distribution/src/main/java
2018-04-04 15:20:08,130 [Worker-12] INFO  o.e.m.j.i.AbstractJavaProjectConfigurator - Adding source folder /org.etri.slice.distribution/src/test/java
2018-04-04 15:20:08,174 [Worker-12] INFO  o.e.m.j.i.AbstractJavaProjectConfigurator - Adding source folder /org.etri.slice.rules.car.fullbodydetector/src/main/java
2018-04-04 15:20:08,174 [Worker-12] INFO  o.e.m.j.i.AbstractJavaProjectConfigurator - Adding resource folder /org.etri.slice.rules.car.fullbodydetector/src/main/resources
2018-04-04 15:20:08,175 [Worker-12] INFO  o.e.m.j.i.AbstractJavaProjectConfigurator - Adding source folder /org.etri.slice.rules.car.fullbodydetector/src/test/java
2018-04-04 15:20:08,186 [Worker-12] INFO  o.e.m.j.i.AbstractJavaProjectConfigurator - Adding source folder /org.etri.slice.agents.car.carseat/src/main/java
2018-04-04 15:20:08,186 [Worker-12] INFO  o.e.m.j.i.AbstractJavaProjectConfigurator - Adding resource folder /org.etri.slice.agents.car.carseat/src/main/resources
2018-04-04 15:20:08,186 [Worker-12] INFO  o.e.m.j.i.AbstractJavaProjectConfigurator - Adding source folder /org.etri.slice.agents.car.carseat/src/test/java
2018-04-04 15:20:08,224 [Worker-12] INFO  o.e.m.j.i.AbstractJavaProjectConfigurator - Adding source folder /org.etri.slice.agents.car.fullbodydetector/src/main/java
2018-04-04 15:20:08,224 [Worker-12] INFO  o.e.m.j.i.AbstractJavaProjectConfigurator - Adding resource folder /org.etri.slice.agents.car.fullbodydetector/src/main/resources
2018-04-04 15:20:08,224 [Worker-12] INFO  o.e.m.j.i.AbstractJavaProjectConfigurator - Adding source folder /org.etri.slice.agents.car.fullbodydetector/src/test/java
2018-04-04 15:20:08,259 [Worker-12] INFO  o.e.m.j.i.AbstractJavaProjectConfigurator - Adding source folder /org.etri.slice.devices.car.pressuresensor/src/main/java
2018-04-04 15:20:08,259 [Worker-12] INFO  o.e.m.j.i.AbstractJavaProjectConfigurator - Adding resource folder /org.etri.slice.devices.car.pressuresensor/src/main/resources
2018-04-04 15:20:08,259 [Worker-12] INFO  o.e.m.j.i.AbstractJavaProjectConfigurator - Adding source folder /org.etri.slice.devices.car.pressuresensor/src/test/java
2018-04-04 15:20:08,379 [Worker-12] INFO  o.e.m.j.i.AbstractJavaProjectConfigurator - Adding source folder /org.etri.slice.devices.car.carseat/src/main/java
2018-04-04 15:20:08,379 [Worker-12] INFO  o.e.m.j.i.AbstractJavaProjectConfigurator - Adding resource folder /org.etri.slice.devices.car.carseat/src/main/resources
2018-04-04 15:20:08,379 [Worker-12] INFO  o.e.m.j.i.AbstractJavaProjectConfigurator - Adding source folder /org.etri.slice.devices.car.carseat/src/test/java
2018-04-04 15:20:08,413 [Worker-12] INFO  o.e.m.j.i.AbstractJavaProjectConfigurator - Adding source folder /org.etri.slice.agents.car.pressuresensor/src/main/java
2018-04-04 15:20:08,414 [Worker-12] INFO  o.e.m.j.i.AbstractJavaProjectConfigurator - Adding resource folder /org.etri.slice.agents.car.pressuresensor/src/main/resources
2018-04-04 15:20:08,414 [Worker-12] INFO  o.e.m.j.i.AbstractJavaProjectConfigurator - Adding source folder /org.etri.slice.agents.car.pressuresensor/src/test/java
2018-04-04 15:20:08,447 [Worker-12] INFO  o.e.m.j.i.AbstractJavaProjectConfigurator - Adding source folder /org.etri.slice.rules.car.objectdetector/src/main/java
2018-04-04 15:20:08,447 [Worker-12] INFO  o.e.m.j.i.AbstractJavaProjectConfigurator - Adding resource folder /org.etri.slice.rules.car.objectdetector/src/main/resources
2018-04-04 15:20:08,447 [Worker-12] INFO  o.e.m.j.i.AbstractJavaProjectConfigurator - Adding source folder /org.etri.slice.rules.car.objectdetector/src/test/java
2018-04-04 15:20:08,457 [Worker-12] INFO  o.e.m.j.i.AbstractJavaProjectConfigurator - Adding source folder /org.etri.slice.rules.car.carseat/src/main/java
2018-04-04 15:20:08,457 [Worker-12] INFO  o.e.m.j.i.AbstractJavaProjectConfigurator - Adding resource folder /org.etri.slice.rules.car.carseat/src/main/resources
2018-04-04 15:20:08,457 [Worker-12] INFO  o.e.m.j.i.AbstractJavaProjectConfigurator - Adding source folder /org.etri.slice.rules.car.carseat/src/test/java
2018-04-04 15:20:08,465 [Worker-12] INFO  o.e.m.c.i.p.ProjectConfigurationManager - Imported and configured 19 project(s) in 3 sec
2018-04-04 15:20:09,207 [Worker-16] INFO  o.e.m.c.i.embedder.EclipseLogger - Using 'UTF-8' encoding to copy filtered resources.
2018-04-04 15:20:09,207 [Worker-16] INFO  o.e.m.c.i.embedder.EclipseLogger - skip non existing resourceDirectory /Users/yhsuh/development/slice-project/git/slice/org.etri.slice.apps/org.etri.slice.generated/org.etri.slice.models/org.etri.slice.commons.car/src/main/resources
2018-04-04 15:20:09,209 [Worker-16] INFO  o.e.m.c.i.embedder.EclipseLogger - Using 'UTF-8' encoding to copy filtered resources.
2018-04-04 15:20:09,209 [Worker-16] INFO  o.e.m.c.i.embedder.EclipseLogger - skip non existing resourceDirectory /Users/yhsuh/development/slice-project/git/slice/org.etri.slice.apps/org.etri.slice.generated/org.etri.slice.models/org.etri.slice.commons.car/src/test/resources
2018-04-04 15:20:09,214 [Worker-16] WARN  o.e.m.c.i.embedder.EclipseLogger - Using platform encoding (UTF-8 actually) to copy filtered resources, i.e. build is platform dependent!
2018-04-04 15:20:09,215 [Worker-16] INFO  o.e.m.c.i.embedder.EclipseLogger - skip non existing resourceDirectory /Users/yhsuh/development/slice-project/git/slice/org.etri.slice.apps/src/main/resources
2018-04-04 15:20:09,215 [Worker-16] WARN  o.e.m.c.i.embedder.EclipseLogger - Using platform encoding (UTF-8 actually) to copy filtered resources, i.e. build is platform dependent!
2018-04-04 15:20:09,219 [Worker-16] INFO  o.e.m.c.i.embedder.EclipseLogger - skip non existing resourceDirectory /Users/yhsuh/development/slice-project/git/slice/org.etri.slice.apps/src/test/resources
2018-04-04 15:20:09,219 [Worker-16] WARN  o.e.m.c.i.embedder.EclipseLogger - Using platform encoding (UTF-8 actually) to copy filtered resources, i.e. build is platform dependent!
2018-04-04 15:20:09,220 [Worker-16] INFO  o.e.m.c.i.embedder.EclipseLogger - Copying 0 resource
2018-04-04 15:20:09,546 [Worker-16] INFO  o.e.m.c.i.embedder.EclipseLogger - Using 'UTF-8' encoding to copy filtered resources.
2018-04-04 15:20:09,547 [Worker-16] INFO  o.e.m.c.i.embedder.EclipseLogger - Copying 2 resources
2018-04-04 15:20:09,562 [Worker-16] INFO  o.e.m.c.i.embedder.EclipseLogger - Using 'UTF-8' encoding to copy filtered resources.
2018-04-04 15:20:09,562 [Worker-16] INFO  o.e.m.c.i.embedder.EclipseLogger - skip non existing resourceDirectory /Users/yhsuh/development/slice-project/git/slice/org.etri.slice.apps/org.etri.slice.generated/org.etri.slice.agents/org.etri.slice.agents.car.pressuresensor/src/test/resources
2018-04-04 15:20:09,873 [Worker-16] INFO  o.e.m.c.i.embedder.EclipseLogger - Using 'UTF-8' encoding to copy filtered resources.
2018-04-04 15:20:09,873 [Worker-16] INFO  o.e.m.c.i.embedder.EclipseLogger - Copying 2 resources
2018-04-04 15:20:09,875 [Worker-16] INFO  o.e.m.c.i.embedder.EclipseLogger - Using 'UTF-8' encoding to copy filtered resources.
2018-04-04 15:20:09,875 [Worker-16] INFO  o.e.m.c.i.embedder.EclipseLogger - skip non existing resourceDirectory /Users/yhsuh/development/slice-project/git/slice/org.etri.slice.apps/org.etri.slice.generated/org.etri.slice.agents/org.etri.slice.agents.car.objectdetector/src/test/resources
2018-04-04 15:20:10,124 [Worker-16] INFO  o.e.m.c.i.embedder.EclipseLogger - Using 'UTF-8' encoding to copy filtered resources.
2018-04-04 15:20:10,124 [Worker-16] INFO  o.e.m.c.i.embedder.EclipseLogger - Copying 2 resources
2018-04-04 15:20:10,126 [Worker-16] INFO  o.e.m.c.i.embedder.EclipseLogger - Using 'UTF-8' encoding to copy filtered resources.
2018-04-04 15:20:10,127 [Worker-16] INFO  o.e.m.c.i.embedder.EclipseLogger - skip non existing resourceDirectory /Users/yhsuh/development/slice-project/git/slice/org.etri.slice.apps/org.etri.slice.generated/org.etri.slice.agents/org.etri.slice.agents.car.fullbodydetector/src/test/resources
2018-04-04 15:20:10,394 [Worker-16] INFO  o.e.m.c.i.embedder.EclipseLogger - Using 'UTF-8' encoding to copy filtered resources.
2018-04-04 15:20:10,394 [Worker-16] INFO  o.e.m.c.i.embedder.EclipseLogger - Copying 2 resources
2018-04-04 15:20:10,396 [Worker-16] INFO  o.e.m.c.i.embedder.EclipseLogger - Using 'UTF-8' encoding to copy filtered resources.
2018-04-04 15:20:10,396 [Worker-16] INFO  o.e.m.c.i.embedder.EclipseLogger - skip non existing resourceDirectory /Users/yhsuh/development/slice-project/git/slice/org.etri.slice.apps/org.etri.slice.generated/org.etri.slice.agents/org.etri.slice.agents.car.carseat/src/test/resources
2018-04-04 15:20:10,728 [Worker-16] INFO  o.e.m.c.i.embedder.EclipseLogger - Using 'UTF-8' encoding to copy filtered resources.
2018-04-04 15:20:10,728 [Worker-16] INFO  o.e.m.c.i.embedder.EclipseLogger - Copying 2 resources
2018-04-04 15:20:10,730 [Worker-16] INFO  o.e.m.c.i.embedder.EclipseLogger - Using 'UTF-8' encoding to copy filtered resources.
2018-04-04 15:20:10,730 [Worker-16] INFO  o.e.m.c.i.embedder.EclipseLogger - skip non existing resourceDirectory /Users/yhsuh/development/slice-project/git/slice/org.etri.slice.apps/org.etri.slice.generated/org.etri.slice.devices/org.etri.slice.devices.car.carseat/src/test/resources
2018-04-04 15:20:10,967 [Worker-16] INFO  o.e.m.c.i.embedder.EclipseLogger - Using 'UTF-8' encoding to copy filtered resources.
2018-04-04 15:20:10,968 [Worker-16] INFO  o.e.m.c.i.embedder.EclipseLogger - Copying 2 resources
2018-04-04 15:20:10,969 [Worker-16] INFO  o.e.m.c.i.embedder.EclipseLogger - Using 'UTF-8' encoding to copy filtered resources.
2018-04-04 15:20:10,969 [Worker-16] INFO  o.e.m.c.i.embedder.EclipseLogger - skip non existing resourceDirectory /Users/yhsuh/development/slice-project/git/slice/org.etri.slice.apps/org.etri.slice.generated/org.etri.slice.devices/org.etri.slice.devices.car.fullbodydetector/src/test/resources
2018-04-04 15:20:11,204 [Worker-16] INFO  o.e.m.c.i.embedder.EclipseLogger - Using 'UTF-8' encoding to copy filtered resources.
2018-04-04 15:20:11,204 [Worker-16] INFO  o.e.m.c.i.embedder.EclipseLogger - Copying 2 resources
2018-04-04 15:20:11,207 [Worker-16] INFO  o.e.m.c.i.embedder.EclipseLogger - Using 'UTF-8' encoding to copy filtered resources.
2018-04-04 15:20:11,207 [Worker-16] INFO  o.e.m.c.i.embedder.EclipseLogger - skip non existing resourceDirectory /Users/yhsuh/development/slice-project/git/slice/org.etri.slice.apps/org.etri.slice.generated/org.etri.slice.devices/org.etri.slice.devices.car.objectdetector/src/test/resources
2018-04-04 15:20:11,449 [Worker-16] INFO  o.e.m.c.i.embedder.EclipseLogger - Using 'UTF-8' encoding to copy filtered resources.
2018-04-04 15:20:11,449 [Worker-16] INFO  o.e.m.c.i.embedder.EclipseLogger - Copying 2 resources
2018-04-04 15:20:11,451 [Worker-16] INFO  o.e.m.c.i.embedder.EclipseLogger - Using 'UTF-8' encoding to copy filtered resources.
2018-04-04 15:20:11,452 [Worker-16] INFO  o.e.m.c.i.embedder.EclipseLogger - skip non existing resourceDirectory /Users/yhsuh/development/slice-project/git/slice/org.etri.slice.apps/org.etri.slice.generated/org.etri.slice.devices/org.etri.slice.devices.car.pressuresensor/src/test/resources
2018-04-04 15:20:11,712 [Worker-16] INFO  o.e.m.c.i.embedder.EclipseLogger - Using 'UTF-8' encoding to copy filtered resources.
2018-04-04 15:20:11,712 [Worker-16] INFO  o.e.m.c.i.embedder.EclipseLogger - skip non existing resourceDirectory /Users/yhsuh/development/slice-project/git/slice/org.etri.slice.apps/org.etri.slice.generated/org.etri.slice.distribution/src/main/resources
2018-04-04 15:20:11,993 [Worker-16] INFO  o.e.m.c.i.embedder.EclipseLogger - org.apache.felix:org.apache.felix.ipojo.distribution.quickstart:zip:1.12.1 already exists in destination.
2018-04-04 15:20:11,995 [Worker-16] INFO  o.e.m.c.i.embedder.EclipseLogger - Using 'UTF-8' encoding to copy filtered resources.
2018-04-04 15:20:11,995 [Worker-16] INFO  o.e.m.c.i.embedder.EclipseLogger - Copying 11 resources
2018-04-04 15:20:11,995 [Worker-16] INFO  o.e.m.c.i.embedder.EclipseLogger - Copying 0 resource
2018-04-04 15:20:11,996 [Worker-16] INFO  o.e.m.c.i.embedder.EclipseLogger - Using 'UTF-8' encoding to copy filtered resources.
2018-04-04 15:20:11,996 [Worker-16] INFO  o.e.m.c.i.embedder.EclipseLogger - skip non existing resourceDirectory /Users/yhsuh/development/slice-project/git/slice/org.etri.slice.apps/org.etri.slice.generated/org.etri.slice.distribution/src/test/resources
2018-04-04 15:20:12,014 [Worker-16] INFO  o.e.m.c.i.embedder.EclipseLogger - org.apache.felix:org.apache.felix.ipojo.handler.eventadmin:jar:1.8.0 already exists in destination.
2018-04-04 15:20:12,014 [Worker-16] INFO  o.e.m.c.i.embedder.EclipseLogger - org.apache.felix:org.apache.felix.eventadmin:jar:1.4.10 already exists in destination.
2018-04-04 15:20:12,026 [Worker-16] INFO  o.e.m.c.i.embedder.EclipseLogger - Copying classes to /Users/yhsuh/development/slice-project/git/slice/org.etri.slice.apps/org.etri.slice.generated/org.etri.slice.distribution/target/bundle/org.etri.slice.commons.car-0.9.1.jar
2018-04-04 15:20:12,260 [Worker-16] WARN  o.e.m.c.i.embedder.EclipseLogger - Using platform encoding (UTF-8 actually) to copy filtered resources, i.e. build is platform dependent!
2018-04-04 15:20:12,261 [Worker-16] INFO  o.e.m.c.i.embedder.EclipseLogger - Copying 5 resources
2018-04-04 15:20:12,270 [Worker-16] WARN  o.e.m.c.i.embedder.EclipseLogger - Using platform encoding (UTF-8 actually) to copy filtered resources, i.e. build is platform dependent!
2018-04-04 15:20:12,271 [Worker-16] INFO  o.e.m.c.i.embedder.EclipseLogger - skip non existing resourceDirectory /Users/yhsuh/development/slice-project/git/slice/org.etri.slice.apps/org.etri.slice.generated/org.etri.slice.rules/org.etri.slice.rules.car.carseat/src/test/resources
2018-04-04 15:20:12,284 [Worker-16] WARN  o.e.m.c.i.embedder.EclipseLogger - Using platform encoding (UTF-8 actually) to copy filtered resources, i.e. build is platform dependent!
2018-04-04 15:20:12,285 [Worker-16] INFO  o.e.m.c.i.embedder.EclipseLogger - Copying 2 resources
2018-04-04 15:20:12,288 [Worker-16] WARN  o.e.m.c.i.embedder.EclipseLogger - Using platform encoding (UTF-8 actually) to copy filtered resources, i.e. build is platform dependent!
2018-04-04 15:20:12,288 [Worker-16] INFO  o.e.m.c.i.embedder.EclipseLogger - skip non existing resourceDirectory /Users/yhsuh/development/slice-project/git/slice/org.etri.slice.apps/org.etri.slice.generated/org.etri.slice.rules/org.etri.slice.rules.car.fullbodydetector/src/test/resources
2018-04-04 15:20:12,299 [Worker-16] WARN  o.e.m.c.i.embedder.EclipseLogger - Using platform encoding (UTF-8 actually) to copy filtered resources, i.e. build is platform dependent!
2018-04-04 15:20:12,299 [Worker-16] INFO  o.e.m.c.i.embedder.EclipseLogger - Copying 2 resources
2018-04-04 15:20:12,302 [Worker-16] WARN  o.e.m.c.i.embedder.EclipseLogger - Using platform encoding (UTF-8 actually) to copy filtered resources, i.e. build is platform dependent!
2018-04-04 15:20:12,303 [Worker-16] INFO  o.e.m.c.i.embedder.EclipseLogger - skip non existing resourceDirectory /Users/yhsuh/development/slice-project/git/slice/org.etri.slice.apps/org.etri.slice.generated/org.etri.slice.rules/org.etri.slice.rules.car.objectdetector/src/test/resources
2018-04-04 15:20:12,312 [Worker-16] WARN  o.e.m.c.i.embedder.EclipseLogger - Using platform encoding (UTF-8 actually) to copy filtered resources, i.e. build is platform dependent!
2018-04-04 15:20:12,313 [Worker-16] INFO  o.e.m.c.i.embedder.EclipseLogger - Copying 2 resources
2018-04-04 15:20:12,316 [Worker-16] WARN  o.e.m.c.i.embedder.EclipseLogger - Using platform encoding (UTF-8 actually) to copy filtered resources, i.e. build is platform dependent!
2018-04-04 15:20:12,316 [Worker-16] INFO  o.e.m.c.i.embedder.EclipseLogger - skip non existing resourceDirectory /Users/yhsuh/development/slice-project/git/slice/org.etri.slice.apps/org.etri.slice.generated/org.etri.slice.rules/org.etri.slice.rules.car.pressuresensor/src/test/resources
2018-04-04 15:20:25,285 [Worker-5] INFO  o.e.m.c.i.embedder.EclipseLogger - Using 'UTF-8' encoding to copy filtered resources.
2018-04-04 15:20:25,285 [Worker-5] INFO  o.e.m.c.i.embedder.EclipseLogger - skip non existing resourceDirectory /Users/yhsuh/development/slice-project/git/slice/org.etri.slice.apps/org.etri.slice.generated/org.etri.slice.models/org.etri.slice.commons.car/src/main/resources
2018-04-04 15:20:25,286 [Worker-5] INFO  o.e.m.c.i.embedder.EclipseLogger - Using 'UTF-8' encoding to copy filtered resources.
2018-04-04 15:20:25,286 [Worker-5] INFO  o.e.m.c.i.embedder.EclipseLogger - skip non existing resourceDirectory /Users/yhsuh/development/slice-project/git/slice/org.etri.slice.apps/org.etri.slice.generated/org.etri.slice.models/org.etri.slice.commons.car/src/test/resources
2018-04-04 15:20:25,508 [Worker-5] WARN  o.e.m.c.i.embedder.EclipseLogger - Using platform encoding (UTF-8 actually) to copy filtered resources, i.e. build is platform dependent!
2018-04-04 15:20:25,508 [Worker-5] INFO  o.e.m.c.i.embedder.EclipseLogger - skip non existing resourceDirectory /Users/yhsuh/development/slice-project/git/slice/org.etri.slice.apps/src/main/resources
2018-04-04 15:20:25,509 [Worker-5] WARN  o.e.m.c.i.embedder.EclipseLogger - Using platform encoding (UTF-8 actually) to copy filtered resources, i.e. build is platform dependent!
2018-04-04 15:20:25,512 [Worker-5] INFO  o.e.m.c.i.embedder.EclipseLogger - skip non existing resourceDirectory /Users/yhsuh/development/slice-project/git/slice/org.etri.slice.apps/src/test/resources
2018-04-04 15:20:25,513 [Worker-5] WARN  o.e.m.c.i.embedder.EclipseLogger - Using platform encoding (UTF-8 actually) to copy filtered resources, i.e. build is platform dependent!
2018-04-04 15:20:25,516 [Worker-5] INFO  o.e.m.c.i.embedder.EclipseLogger - Copying 0 resource
2018-04-04 15:20:25,721 [Worker-5] INFO  o.e.m.c.i.embedder.EclipseLogger - Using 'UTF-8' encoding to copy filtered resources.
2018-04-04 15:20:25,724 [Worker-5] INFO  o.e.m.c.i.embedder.EclipseLogger - Copying 0 resource
2018-04-04 15:20:25,724 [Worker-5] INFO  o.e.m.c.i.embedder.EclipseLogger - Using 'UTF-8' encoding to copy filtered resources.
2018-04-04 15:20:25,724 [Worker-5] INFO  o.e.m.c.i.embedder.EclipseLogger - skip non existing resourceDirectory /Users/yhsuh/development/slice-project/git/slice/org.etri.slice.apps/org.etri.slice.generated/org.etri.slice.agents/org.etri.slice.agents.car.pressuresensor/src/test/resources
2018-04-04 15:20:25,927 [Worker-5] INFO  o.e.m.c.i.embedder.EclipseLogger - Using 'UTF-8' encoding to copy filtered resources.
2018-04-04 15:20:25,927 [Worker-5] INFO  o.e.m.c.i.embedder.EclipseLogger - Copying 0 resource
2018-04-04 15:20:25,928 [Worker-5] INFO  o.e.m.c.i.embedder.EclipseLogger - Using 'UTF-8' encoding to copy filtered resources.
2018-04-04 15:20:25,928 [Worker-5] INFO  o.e.m.c.i.embedder.EclipseLogger - skip non existing resourceDirectory /Users/yhsuh/development/slice-project/git/slice/org.etri.slice.apps/org.etri.slice.generated/org.etri.slice.agents/org.etri.slice.agents.car.objectdetector/src/test/resources
2018-04-04 15:20:26,185 [Worker-5] INFO  o.e.m.c.i.embedder.EclipseLogger - Using 'UTF-8' encoding to copy filtered resources.
2018-04-04 15:20:26,186 [Worker-5] INFO  o.e.m.c.i.embedder.EclipseLogger - Copying 0 resource
2018-04-04 15:20:26,186 [Worker-5] INFO  o.e.m.c.i.embedder.EclipseLogger - Using 'UTF-8' encoding to copy filtered resources.
2018-04-04 15:20:26,186 [Worker-5] INFO  o.e.m.c.i.embedder.EclipseLogger - skip non existing resourceDirectory /Users/yhsuh/development/slice-project/git/slice/org.etri.slice.apps/org.etri.slice.generated/org.etri.slice.agents/org.etri.slice.agents.car.fullbodydetector/src/test/resources
2018-04-04 15:20:26,392 [Worker-5] INFO  o.e.m.c.i.embedder.EclipseLogger - Using 'UTF-8' encoding to copy filtered resources.
2018-04-04 15:20:26,392 [Worker-5] INFO  o.e.m.c.i.embedder.EclipseLogger - Copying 0 resource
2018-04-04 15:20:26,393 [Worker-5] INFO  o.e.m.c.i.embedder.EclipseLogger - Using 'UTF-8' encoding to copy filtered resources.
2018-04-04 15:20:26,393 [Worker-5] INFO  o.e.m.c.i.embedder.EclipseLogger - skip non existing resourceDirectory /Users/yhsuh/development/slice-project/git/slice/org.etri.slice.apps/org.etri.slice.generated/org.etri.slice.agents/org.etri.slice.agents.car.carseat/src/test/resources
2018-04-04 15:20:26,643 [Worker-5] INFO  o.e.m.c.i.embedder.EclipseLogger - Using 'UTF-8' encoding to copy filtered resources.
2018-04-04 15:20:26,643 [Worker-5] INFO  o.e.m.c.i.embedder.EclipseLogger - Copying 0 resource
2018-04-04 15:20:26,644 [Worker-5] INFO  o.e.m.c.i.embedder.EclipseLogger - Using 'UTF-8' encoding to copy filtered resources.
2018-04-04 15:20:26,644 [Worker-5] INFO  o.e.m.c.i.embedder.EclipseLogger - skip non existing resourceDirectory /Users/yhsuh/development/slice-project/git/slice/org.etri.slice.apps/org.etri.slice.generated/org.etri.slice.devices/org.etri.slice.devices.car.carseat/src/test/resources
2018-04-04 15:20:26,845 [Worker-5] INFO  o.e.m.c.i.embedder.EclipseLogger - Using 'UTF-8' encoding to copy filtered resources.
2018-04-04 15:20:26,846 [Worker-5] INFO  o.e.m.c.i.embedder.EclipseLogger - Copying 0 resource
2018-04-04 15:20:26,846 [Worker-5] INFO  o.e.m.c.i.embedder.EclipseLogger - Using 'UTF-8' encoding to copy filtered resources.
2018-04-04 15:20:26,846 [Worker-5] INFO  o.e.m.c.i.embedder.EclipseLogger - skip non existing resourceDirectory /Users/yhsuh/development/slice-project/git/slice/org.etri.slice.apps/org.etri.slice.generated/org.etri.slice.devices/org.etri.slice.devices.car.fullbodydetector/src/test/resources
2018-04-04 15:20:27,105 [Worker-5] INFO  o.e.m.c.i.embedder.EclipseLogger - Using 'UTF-8' encoding to copy filtered resources.
2018-04-04 15:20:27,105 [Worker-5] INFO  o.e.m.c.i.embedder.EclipseLogger - Copying 0 resource
2018-04-04 15:20:27,107 [Worker-5] INFO  o.e.m.c.i.embedder.EclipseLogger - Using 'UTF-8' encoding to copy filtered resources.
2018-04-04 15:20:27,107 [Worker-5] INFO  o.e.m.c.i.embedder.EclipseLogger - skip non existing resourceDirectory /Users/yhsuh/development/slice-project/git/slice/org.etri.slice.apps/org.etri.slice.generated/org.etri.slice.devices/org.etri.slice.devices.car.objectdetector/src/test/resources
2018-04-04 15:20:27,305 [Worker-5] INFO  o.e.m.c.i.embedder.EclipseLogger - Using 'UTF-8' encoding to copy filtered resources.
2018-04-04 15:20:27,305 [Worker-5] INFO  o.e.m.c.i.embedder.EclipseLogger - Copying 0 resource
2018-04-04 15:20:27,306 [Worker-5] INFO  o.e.m.c.i.embedder.EclipseLogger - Using 'UTF-8' encoding to copy filtered resources.
2018-04-04 15:20:27,306 [Worker-5] INFO  o.e.m.c.i.embedder.EclipseLogger - skip non existing resourceDirectory /Users/yhsuh/development/slice-project/git/slice/org.etri.slice.apps/org.etri.slice.generated/org.etri.slice.devices/org.etri.slice.devices.car.pressuresensor/src/test/resources
2018-04-04 15:20:27,550 [Worker-5] INFO  o.e.m.c.i.embedder.EclipseLogger - Using 'UTF-8' encoding to copy filtered resources.
2018-04-04 15:20:27,550 [Worker-5] INFO  o.e.m.c.i.embedder.EclipseLogger - skip non existing resourceDirectory /Users/yhsuh/development/slice-project/git/slice/org.etri.slice.apps/org.etri.slice.generated/org.etri.slice.distribution/src/main/resources
2018-04-04 15:20:27,551 [Worker-5] INFO  o.e.m.c.i.embedder.EclipseLogger - Using 'UTF-8' encoding to copy filtered resources.
2018-04-04 15:20:27,554 [Worker-5] INFO  o.e.m.c.i.embedder.EclipseLogger - Copying 0 resource
2018-04-04 15:20:27,555 [Worker-5] INFO  o.e.m.c.i.embedder.EclipseLogger - Copying 0 resource
2018-04-04 15:20:27,556 [Worker-5] INFO  o.e.m.c.i.embedder.EclipseLogger - Using 'UTF-8' encoding to copy filtered resources.
2018-04-04 15:20:27,556 [Worker-5] INFO  o.e.m.c.i.embedder.EclipseLogger - skip non existing resourceDirectory /Users/yhsuh/development/slice-project/git/slice/org.etri.slice.apps/org.etri.slice.generated/org.etri.slice.distribution/src/test/resources
2018-04-04 15:20:27,606 [Worker-5] WARN  o.e.m.c.i.embedder.EclipseLogger - Using platform encoding (UTF-8 actually) to copy filtered resources, i.e. build is platform dependent!
2018-04-04 15:20:27,608 [Worker-5] INFO  o.e.m.c.i.embedder.EclipseLogger - Copying 0 resource
2018-04-04 15:20:27,609 [Worker-5] WARN  o.e.m.c.i.embedder.EclipseLogger - Using platform encoding (UTF-8 actually) to copy filtered resources, i.e. build is platform dependent!
2018-04-04 15:20:27,611 [Worker-5] INFO  o.e.m.c.i.embedder.EclipseLogger - skip non existing resourceDirectory /Users/yhsuh/development/slice-project/git/slice/org.etri.slice.apps/org.etri.slice.generated/org.etri.slice.rules/org.etri.slice.rules.car.carseat/src/test/resources
2018-04-04 15:20:27,616 [Worker-5] WARN  o.e.m.c.i.embedder.EclipseLogger - Using platform encoding (UTF-8 actually) to copy filtered resources, i.e. build is platform dependent!
2018-04-04 15:20:27,616 [Worker-5] INFO  o.e.m.c.i.embedder.EclipseLogger - Copying 0 resource
2018-04-04 15:20:27,616 [Worker-5] WARN  o.e.m.c.i.embedder.EclipseLogger - Using platform encoding (UTF-8 actually) to copy filtered resources, i.e. build is platform dependent!
2018-04-04 15:20:27,617 [Worker-5] INFO  o.e.m.c.i.embedder.EclipseLogger - skip non existing resourceDirectory /Users/yhsuh/development/slice-project/git/slice/org.etri.slice.apps/org.etri.slice.generated/org.etri.slice.rules/org.etri.slice.rules.car.fullbodydetector/src/test/resources
2018-04-04 15:20:27,622 [Worker-5] WARN  o.e.m.c.i.embedder.EclipseLogger - Using platform encoding (UTF-8 actually) to copy filtered resources, i.e. build is platform dependent!
2018-04-04 15:20:27,623 [Worker-5] INFO  o.e.m.c.i.embedder.EclipseLogger - Copying 0 resource
2018-04-04 15:20:27,624 [Worker-5] WARN  o.e.m.c.i.embedder.EclipseLogger - Using platform encoding (UTF-8 actually) to copy filtered resources, i.e. build is platform dependent!
2018-04-04 15:20:27,624 [Worker-5] INFO  o.e.m.c.i.embedder.EclipseLogger - skip non existing resourceDirectory /Users/yhsuh/development/slice-project/git/slice/org.etri.slice.apps/org.etri.slice.generated/org.etri.slice.rules/org.etri.slice.rules.car.objectdetector/src/test/resources
2018-04-04 15:20:27,629 [Worker-5] WARN  o.e.m.c.i.embedder.EclipseLogger - Using platform encoding (UTF-8 actually) to copy filtered resources, i.e. build is platform dependent!
2018-04-04 15:20:27,629 [Worker-5] INFO  o.e.m.c.i.embedder.EclipseLogger - Copying 0 resource
2018-04-04 15:20:27,630 [Worker-5] WARN  o.e.m.c.i.embedder.EclipseLogger - Using platform encoding (UTF-8 actually) to copy filtered resources, i.e. build is platform dependent!
2018-04-04 15:20:27,630 [Worker-5] INFO  o.e.m.c.i.embedder.EclipseLogger - skip non existing resourceDirectory /Users/yhsuh/development/slice-project/git/slice/org.etri.slice.apps/org.etri.slice.generated/org.etri.slice.rules/org.etri.slice.rules.car.pressuresensor/src/test/resources
2018-04-04 17:04:44,016 [Worker-1] WARN  o.e.m.c.i.embedder.EclipseLogger - Using platform encoding (UTF-8 actually) to copy filtered resources, i.e. build is platform dependent!
2018-04-04 17:04:44,020 [Worker-1] INFO  o.e.m.c.i.embedder.EclipseLogger - skip non existing resourceDirectory /Users/yhsuh/development/slice-project/git/slice/org.etri.slice.apps/src/main/resources
2018-04-04 17:04:44,021 [Worker-1] WARN  o.e.m.c.i.embedder.EclipseLogger - Using platform encoding (UTF-8 actually) to copy filtered resources, i.e. build is platform dependent!
2018-04-04 17:04:44,022 [Worker-1] INFO  o.e.m.c.i.embedder.EclipseLogger - skip non existing resourceDirectory /Users/yhsuh/development/slice-project/git/slice/org.etri.slice.apps/src/test/resources
2018-04-04 17:04:44,024 [Worker-1] WARN  o.e.m.c.i.embedder.EclipseLogger - Using platform encoding (UTF-8 actually) to copy filtered resources, i.e. build is platform dependent!
2018-04-04 17:04:44,031 [Worker-1] INFO  o.e.m.c.i.embedder.EclipseLogger - Copying 35 resources
2018-04-04 17:05:27,752 [Worker-5] WARN  o.e.m.c.i.embedder.EclipseLogger - Using platform encoding (UTF-8 actually) to copy filtered resources, i.e. build is platform dependent!
2018-04-04 17:05:27,753 [Worker-5] INFO  o.e.m.c.i.embedder.EclipseLogger - skip non existing resourceDirectory /Users/yhsuh/development/slice-project/git/slice/org.etri.slice.apps/src/main/resources
2018-04-04 17:05:27,754 [Worker-5] WARN  o.e.m.c.i.embedder.EclipseLogger - Using platform encoding (UTF-8 actually) to copy filtered resources, i.e. build is platform dependent!
2018-04-04 17:05:27,757 [Worker-5] INFO  o.e.m.c.i.embedder.EclipseLogger - skip non existing resourceDirectory /Users/yhsuh/development/slice-project/git/slice/org.etri.slice.apps/src/test/resources
2018-04-04 17:05:27,759 [Worker-5] WARN  o.e.m.c.i.embedder.EclipseLogger - Using platform encoding (UTF-8 actually) to copy filtered resources, i.e. build is platform dependent!
2018-04-04 17:05:27,761 [Worker-5] INFO  o.e.m.c.i.embedder.EclipseLogger - Copying 0 resource
2018-04-04 17:06:36,303 [Worker-8] WARN  o.e.m.c.i.embedder.EclipseLogger - Using platform encoding (UTF-8 actually) to copy filtered resources, i.e. build is platform dependent!
2018-04-04 17:06:36,304 [Worker-8] INFO  o.e.m.c.i.embedder.EclipseLogger - skip non existing resourceDirectory /Users/yhsuh/development/slice-project/git/slice/org.etri.slice.apps/src/main/resources
2018-04-04 17:06:36,306 [Worker-8] WARN  o.e.m.c.i.embedder.EclipseLogger - Using platform encoding (UTF-8 actually) to copy filtered resources, i.e. build is platform dependent!
2018-04-04 17:06:36,306 [Worker-8] INFO  o.e.m.c.i.embedder.EclipseLogger - skip non existing resourceDirectory /Users/yhsuh/development/slice-project/git/slice/org.etri.slice.apps/src/test/resources
2018-04-04 17:06:36,308 [Worker-8] WARN  o.e.m.c.i.embedder.EclipseLogger - Using platform encoding (UTF-8 actually) to copy filtered resources, i.e. build is platform dependent!
2018-04-04 17:06:36,310 [Worker-8] INFO  o.e.m.c.i.embedder.EclipseLogger - Copying 35 resources
2018-04-04 17:08:21,288 [Worker-7] INFO  o.e.m.c.i.l.LifecycleMappingFactory - Using NULL lifecycle mapping for MavenProject: org.etri.slice:org.etri.slice:0.9.1 @ /Users/yhsuh/development/slice-project/git/slice/org.etri.slice.apps/org.etri.slice.generated/pom.xml.
2018-04-04 17:08:21,353 [Worker-7] INFO  o.e.m.c.i.l.LifecycleMappingFactory - Using NULL lifecycle mapping for MavenProject: org.etri.slice:org.etri.slice.agents:0.9.1 @ /Users/yhsuh/development/slice-project/git/slice/org.etri.slice.apps/org.etri.slice.generated/org.etri.slice.agents/pom.xml.
2018-04-04 17:08:21,486 [Worker-7] INFO  o.e.m.c.i.l.LifecycleMappingFactory - Using DEFAULT lifecycle mapping for MavenProject: org.etri.slice:org.etri.slice.agents.car.objectdetector:0.9.1 @ /Users/yhsuh/development/slice-project/git/slice/org.etri.slice.apps/org.etri.slice.generated/org.etri.slice.agents/org.etri.slice.agents.car.objectdetector/pom.xml.
2018-04-04 17:08:21,691 [Worker-7] INFO  o.e.m.c.i.l.LifecycleMappingFactory - Using DEFAULT lifecycle mapping for MavenProject: org.etri.slice:org.etri.slice.agents.car.fullbodydetector:0.9.1 @ /Users/yhsuh/development/slice-project/git/slice/org.etri.slice.apps/org.etri.slice.generated/org.etri.slice.agents/org.etri.slice.agents.car.fullbodydetector/pom.xml.
2018-04-04 17:08:21,723 [Worker-7] INFO  o.e.m.c.i.l.LifecycleMappingFactory - Using DEFAULT lifecycle mapping for MavenProject: org.etri.slice:org.etri.slice.agents.car.pressuresensor:0.9.1 @ /Users/yhsuh/development/slice-project/git/slice/org.etri.slice.apps/org.etri.slice.generated/org.etri.slice.agents/org.etri.slice.agents.car.pressuresensor/pom.xml.
2018-04-04 17:08:21,755 [Worker-7] INFO  o.e.m.c.i.l.LifecycleMappingFactory - Using DEFAULT lifecycle mapping for MavenProject: org.etri.slice:org.etri.slice.agents.car.carseat:0.9.1 @ /Users/yhsuh/development/slice-project/git/slice/org.etri.slice.apps/org.etri.slice.generated/org.etri.slice.agents/org.etri.slice.agents.car.carseat/pom.xml.
2018-04-04 17:08:21,769 [Worker-7] INFO  o.e.m.c.i.l.LifecycleMappingFactory - Using NULL lifecycle mapping for MavenProject: org.etri.slice.devices:org.etri.slice.devices:0.9.1 @ /Users/yhsuh/development/slice-project/git/slice/org.etri.slice.apps/org.etri.slice.generated/org.etri.slice.devices/pom.xml.
2018-04-04 17:08:21,790 [Worker-7] INFO  o.e.m.c.i.l.LifecycleMappingFactory - Using DEFAULT lifecycle mapping for MavenProject: org.etri.slice.devices:org.etri.slice.devices.car.objectdetector:0.9.1 @ /Users/yhsuh/development/slice-project/git/slice/org.etri.slice.apps/org.etri.slice.generated/org.etri.slice.devices/org.etri.slice.devices.car.objectdetector/pom.xml.
2018-04-04 17:08:21,819 [Worker-7] INFO  o.e.m.c.i.l.LifecycleMappingFactory - Using DEFAULT lifecycle mapping for MavenProject: org.etri.slice.devices:org.etri.slice.devices.car.fullbodydetector:0.9.1 @ /Users/yhsuh/development/slice-project/git/slice/org.etri.slice.apps/org.etri.slice.generated/org.etri.slice.devices/org.etri.slice.devices.car.fullbodydetector/pom.xml.
2018-04-04 17:08:21,848 [Worker-7] INFO  o.e.m.c.i.l.LifecycleMappingFactory - Using DEFAULT lifecycle mapping for MavenProject: org.etri.slice.devices:org.etri.slice.devices.car.pressuresensor:0.9.1 @ /Users/yhsuh/development/slice-project/git/slice/org.etri.slice.apps/org.etri.slice.generated/org.etri.slice.devices/org.etri.slice.devices.car.pressuresensor/pom.xml.
2018-04-04 17:08:21,887 [Worker-7] INFO  o.e.m.c.i.l.LifecycleMappingFactory - Using DEFAULT lifecycle mapping for MavenProject: org.etri.slice.devices:org.etri.slice.devices.car.carseat:0.9.1 @ /Users/yhsuh/development/slice-project/git/slice/org.etri.slice.apps/org.etri.slice.generated/org.etri.slice.devices/org.etri.slice.devices.car.carseat/pom.xml.
2018-04-04 17:08:21,899 [Worker-7] INFO  o.e.m.c.i.l.LifecycleMappingFactory - Using NULL lifecycle mapping for MavenProject: org.etri.slice:org.etri.slice.models:0.9.1 @ /Users/yhsuh/development/slice-project/git/slice/org.etri.slice.apps/org.etri.slice.generated/org.etri.slice.models/pom.xml.
2018-04-04 17:08:21,926 [Worker-7] INFO  o.e.m.c.i.l.LifecycleMappingFactory - Using DEFAULT lifecycle mapping for MavenProject: org.etri.slice.commons:org.etri.slice.commons.car:0.9.1 @ /Users/yhsuh/development/slice-project/git/slice/org.etri.slice.apps/org.etri.slice.generated/org.etri.slice.models/org.etri.slice.commons.car/pom.xml.
2018-04-04 17:08:21,937 [Worker-7] INFO  o.e.m.c.i.l.LifecycleMappingFactory - Using NULL lifecycle mapping for MavenProject: org.etri.slice:org.etri.slice.rules:0.9.1 @ /Users/yhsuh/development/slice-project/git/slice/org.etri.slice.apps/org.etri.slice.generated/org.etri.slice.rules/pom.xml.
2018-04-04 17:08:21,976 [Worker-7] INFO  o.e.m.c.i.l.LifecycleMappingFactory - Using org.eclipse.m2e.jdt.JarLifecycleMapping lifecycle mapping for MavenProject: org.etri.slice:org.etri.slice.rules.car.objectdetector:0.9.1 @ /Users/yhsuh/development/slice-project/git/slice/org.etri.slice.apps/org.etri.slice.generated/org.etri.slice.rules/org.etri.slice.rules.car.objectdetector/pom.xml.
2018-04-04 17:08:21,987 [Worker-7] INFO  o.e.m.c.i.l.LifecycleMappingFactory - Using org.eclipse.m2e.jdt.JarLifecycleMapping lifecycle mapping for MavenProject: org.etri.slice:org.etri.slice.rules.car.fullbodydetector:0.9.1 @ /Users/yhsuh/development/slice-project/git/slice/org.etri.slice.apps/org.etri.slice.generated/org.etri.slice.rules/org.etri.slice.rules.car.fullbodydetector/pom.xml.
2018-04-04 17:08:21,998 [Worker-7] INFO  o.e.m.c.i.l.LifecycleMappingFactory - Using org.eclipse.m2e.jdt.JarLifecycleMapping lifecycle mapping for MavenProject: org.etri.slice:org.etri.slice.rules.car.pressuresensor:0.9.1 @ /Users/yhsuh/development/slice-project/git/slice/org.etri.slice.apps/org.etri.slice.generated/org.etri.slice.rules/org.etri.slice.rules.car.pressuresensor/pom.xml.
2018-04-04 17:08:22,007 [Worker-7] INFO  o.e.m.c.i.l.LifecycleMappingFactory - Using org.eclipse.m2e.jdt.JarLifecycleMapping lifecycle mapping for MavenProject: org.etri.slice:org.etri.slice.rules.car.carseat:0.9.1 @ /Users/yhsuh/development/slice-project/git/slice/org.etri.slice.apps/org.etri.slice.generated/org.etri.slice.rules/org.etri.slice.rules.car.carseat/pom.xml.
2018-04-04 17:08:22,023 [Worker-7] INFO  o.e.m.c.i.l.LifecycleMappingFactory - Using org.eclipse.m2e.jdt.JarLifecycleMapping lifecycle mapping for MavenProject: org.etri.slice:org.etri.slice.distribution:0.9.1 @ /Users/yhsuh/development/slice-project/git/slice/org.etri.slice.apps/org.etri.slice.generated/org.etri.slice.distribution/pom.xml.
2018-04-04 17:08:22,633 [Worker-7] INFO  o.e.m.j.i.AbstractJavaProjectConfigurator - Adding source folder /org.etri.slice.commons.car/src/main/java
2018-04-04 17:08:22,633 [Worker-7] INFO  o.e.m.j.i.AbstractJavaProjectConfigurator - Adding source folder /org.etri.slice.commons.car/src/test/java
2018-04-04 17:08:22,719 [Worker-7] INFO  o.e.m.j.i.AbstractJavaProjectConfigurator - Adding source folder /org.etri.slice.devices.car.fullbodydetector/src/main/java
2018-04-04 17:08:22,719 [Worker-7] INFO  o.e.m.j.i.AbstractJavaProjectConfigurator - Adding resource folder /org.etri.slice.devices.car.fullbodydetector/src/main/resources
2018-04-04 17:08:22,721 [Worker-7] INFO  o.e.m.j.i.AbstractJavaProjectConfigurator - Adding source folder /org.etri.slice.devices.car.fullbodydetector/src/test/java
2018-04-04 17:08:22,881 [Worker-7] INFO  o.e.m.j.i.AbstractJavaProjectConfigurator - Adding source folder /org.etri.slice.rules.car.pressuresensor/src/main/java
2018-04-04 17:08:22,881 [Worker-7] INFO  o.e.m.j.i.AbstractJavaProjectConfigurator - Adding resource folder /org.etri.slice.rules.car.pressuresensor/src/main/resources
2018-04-04 17:08:22,882 [Worker-7] INFO  o.e.m.j.i.AbstractJavaProjectConfigurator - Adding source folder /org.etri.slice.rules.car.pressuresensor/src/test/java
2018-04-04 17:08:22,910 [Worker-7] INFO  o.e.m.j.i.AbstractJavaProjectConfigurator - Adding source folder /org.etri.slice.agents.car.objectdetector/src/main/java
2018-04-04 17:08:22,910 [Worker-7] INFO  o.e.m.j.i.AbstractJavaProjectConfigurator - Adding resource folder /org.etri.slice.agents.car.objectdetector/src/main/resources
2018-04-04 17:08:22,912 [Worker-7] INFO  o.e.m.j.i.AbstractJavaProjectConfigurator - Adding source folder /org.etri.slice.agents.car.objectdetector/src/test/java
2018-04-04 17:08:22,977 [Worker-7] INFO  o.e.m.j.i.AbstractJavaProjectConfigurator - Adding source folder /org.etri.slice.devices.car.objectdetector/src/main/java
2018-04-04 17:08:22,977 [Worker-7] INFO  o.e.m.j.i.AbstractJavaProjectConfigurator - Adding resource folder /org.etri.slice.devices.car.objectdetector/src/main/resources
2018-04-04 17:08:22,979 [Worker-7] INFO  o.e.m.j.i.AbstractJavaProjectConfigurator - Adding source folder /org.etri.slice.devices.car.objectdetector/src/test/java
2018-04-04 17:08:23,050 [Worker-7] INFO  o.e.m.j.i.AbstractJavaProjectConfigurator - Adding source folder /org.etri.slice.distribution/src/main/java
2018-04-04 17:08:23,051 [Worker-7] INFO  o.e.m.j.i.AbstractJavaProjectConfigurator - Adding source folder /org.etri.slice.distribution/src/test/java
2018-04-04 17:08:23,120 [Worker-7] INFO  o.e.m.j.i.AbstractJavaProjectConfigurator - Adding source folder /org.etri.slice.rules.car.fullbodydetector/src/main/java
2018-04-04 17:08:23,120 [Worker-7] INFO  o.e.m.j.i.AbstractJavaProjectConfigurator - Adding resource folder /org.etri.slice.rules.car.fullbodydetector/src/main/resources
2018-04-04 17:08:23,120 [Worker-7] INFO  o.e.m.j.i.AbstractJavaProjectConfigurator - Adding source folder /org.etri.slice.rules.car.fullbodydetector/src/test/java
2018-04-04 17:08:23,147 [Worker-7] INFO  o.e.m.j.i.AbstractJavaProjectConfigurator - Adding source folder /org.etri.slice.agents.car.carseat/src/main/java
2018-04-04 17:08:23,147 [Worker-7] INFO  o.e.m.j.i.AbstractJavaProjectConfigurator - Adding resource folder /org.etri.slice.agents.car.carseat/src/main/resources
2018-04-04 17:08:23,149 [Worker-7] INFO  o.e.m.j.i.AbstractJavaProjectConfigurator - Adding source folder /org.etri.slice.agents.car.carseat/src/test/java
2018-04-04 17:08:23,217 [Worker-7] INFO  o.e.m.j.i.AbstractJavaProjectConfigurator - Adding source folder /org.etri.slice.agents.car.fullbodydetector/src/main/java
2018-04-04 17:08:23,217 [Worker-7] INFO  o.e.m.j.i.AbstractJavaProjectConfigurator - Adding resource folder /org.etri.slice.agents.car.fullbodydetector/src/main/resources
2018-04-04 17:08:23,219 [Worker-7] INFO  o.e.m.j.i.AbstractJavaProjectConfigurator - Adding source folder /org.etri.slice.agents.car.fullbodydetector/src/test/java
2018-04-04 17:08:23,316 [Worker-7] INFO  o.e.m.j.i.AbstractJavaProjectConfigurator - Adding source folder /org.etri.slice.devices.car.pressuresensor/src/main/java
2018-04-04 17:08:23,316 [Worker-7] INFO  o.e.m.j.i.AbstractJavaProjectConfigurator - Adding resource folder /org.etri.slice.devices.car.pressuresensor/src/main/resources
2018-04-04 17:08:23,317 [Worker-7] INFO  o.e.m.j.i.AbstractJavaProjectConfigurator - Adding source folder /org.etri.slice.devices.car.pressuresensor/src/test/java
2018-04-04 17:08:23,382 [Worker-7] INFO  o.e.m.j.i.AbstractJavaProjectConfigurator - Adding source folder /org.etri.slice.devices.car.carseat/src/main/java
2018-04-04 17:08:23,382 [Worker-7] INFO  o.e.m.j.i.AbstractJavaProjectConfigurator - Adding resource folder /org.etri.slice.devices.car.carseat/src/main/resources
2018-04-04 17:08:23,384 [Worker-7] INFO  o.e.m.j.i.AbstractJavaProjectConfigurator - Adding source folder /org.etri.slice.devices.car.carseat/src/test/java
2018-04-04 17:08:23,547 [Worker-7] INFO  o.e.m.j.i.AbstractJavaProjectConfigurator - Adding source folder /org.etri.slice.agents.car.pressuresensor/src/main/java
2018-04-04 17:08:23,547 [Worker-7] INFO  o.e.m.j.i.AbstractJavaProjectConfigurator - Adding resource folder /org.etri.slice.agents.car.pressuresensor/src/main/resources
2018-04-04 17:08:23,548 [Worker-7] INFO  o.e.m.j.i.AbstractJavaProjectConfigurator - Adding source folder /org.etri.slice.agents.car.pressuresensor/src/test/java
2018-04-04 17:08:23,613 [Worker-7] INFO  o.e.m.j.i.AbstractJavaProjectConfigurator - Adding source folder /org.etri.slice.rules.car.objectdetector/src/main/java
2018-04-04 17:08:23,613 [Worker-7] INFO  o.e.m.j.i.AbstractJavaProjectConfigurator - Adding resource folder /org.etri.slice.rules.car.objectdetector/src/main/resources
2018-04-04 17:08:23,613 [Worker-7] INFO  o.e.m.j.i.AbstractJavaProjectConfigurator - Adding source folder /org.etri.slice.rules.car.objectdetector/src/test/java
2018-04-04 17:08:23,635 [Worker-7] INFO  o.e.m.j.i.AbstractJavaProjectConfigurator - Adding source folder /org.etri.slice.rules.car.carseat/src/main/java
2018-04-04 17:08:23,636 [Worker-7] INFO  o.e.m.j.i.AbstractJavaProjectConfigurator - Adding resource folder /org.etri.slice.rules.car.carseat/src/main/resources
2018-04-04 17:08:23,636 [Worker-7] INFO  o.e.m.j.i.AbstractJavaProjectConfigurator - Adding source folder /org.etri.slice.rules.car.carseat/src/test/java
2018-04-04 17:08:23,652 [Worker-7] INFO  o.e.m.c.i.p.ProjectConfigurationManager - Imported and configured 19 project(s) in 3 sec
2018-04-04 17:08:24,919 [Worker-10] INFO  o.e.m.c.i.embedder.EclipseLogger - Using 'UTF-8' encoding to copy filtered resources.
2018-04-04 17:08:24,919 [Worker-10] INFO  o.e.m.c.i.embedder.EclipseLogger - skip non existing resourceDirectory /Users/yhsuh/development/slice-project/git/slice/org.etri.slice.apps/org.etri.slice.generated/org.etri.slice.models/org.etri.slice.commons.car/src/main/resources
2018-04-04 17:08:24,920 [Worker-10] INFO  o.e.m.c.i.embedder.EclipseLogger - Using 'UTF-8' encoding to copy filtered resources.
2018-04-04 17:08:24,920 [Worker-10] INFO  o.e.m.c.i.embedder.EclipseLogger - skip non existing resourceDirectory /Users/yhsuh/development/slice-project/git/slice/org.etri.slice.apps/org.etri.slice.generated/org.etri.slice.models/org.etri.slice.commons.car/src/test/resources
2018-04-04 17:08:24,927 [Worker-10] WARN  o.e.m.c.i.embedder.EclipseLogger - Using platform encoding (UTF-8 actually) to copy filtered resources, i.e. build is platform dependent!
2018-04-04 17:08:24,928 [Worker-10] INFO  o.e.m.c.i.embedder.EclipseLogger - skip non existing resourceDirectory /Users/yhsuh/development/slice-project/git/slice/org.etri.slice.apps/src/main/resources
2018-04-04 17:08:24,928 [Worker-10] WARN  o.e.m.c.i.embedder.EclipseLogger - Using platform encoding (UTF-8 actually) to copy filtered resources, i.e. build is platform dependent!
2018-04-04 17:08:24,931 [Worker-10] INFO  o.e.m.c.i.embedder.EclipseLogger - skip non existing resourceDirectory /Users/yhsuh/development/slice-project/git/slice/org.etri.slice.apps/src/test/resources
2018-04-04 17:08:24,932 [Worker-10] WARN  o.e.m.c.i.embedder.EclipseLogger - Using platform encoding (UTF-8 actually) to copy filtered resources, i.e. build is platform dependent!
2018-04-04 17:08:24,933 [Worker-10] INFO  o.e.m.c.i.embedder.EclipseLogger - Copying 0 resource
2018-04-04 17:08:25,201 [Worker-10] INFO  o.e.m.c.i.embedder.EclipseLogger - Using 'UTF-8' encoding to copy filtered resources.
2018-04-04 17:08:25,201 [Worker-10] INFO  o.e.m.c.i.embedder.EclipseLogger - Copying 2 resources
2018-04-04 17:08:25,216 [Worker-10] INFO  o.e.m.c.i.embedder.EclipseLogger - Using 'UTF-8' encoding to copy filtered resources.
2018-04-04 17:08:25,216 [Worker-10] INFO  o.e.m.c.i.embedder.EclipseLogger - skip non existing resourceDirectory /Users/yhsuh/development/slice-project/git/slice/org.etri.slice.apps/org.etri.slice.generated/org.etri.slice.agents/org.etri.slice.agents.car.pressuresensor/src/test/resources
2018-04-04 17:08:25,475 [Worker-10] INFO  o.e.m.c.i.embedder.EclipseLogger - Using 'UTF-8' encoding to copy filtered resources.
2018-04-04 17:08:25,475 [Worker-10] INFO  o.e.m.c.i.embedder.EclipseLogger - Copying 2 resources
2018-04-04 17:08:25,477 [Worker-10] INFO  o.e.m.c.i.embedder.EclipseLogger - Using 'UTF-8' encoding to copy filtered resources.
2018-04-04 17:08:25,477 [Worker-10] INFO  o.e.m.c.i.embedder.EclipseLogger - skip non existing resourceDirectory /Users/yhsuh/development/slice-project/git/slice/org.etri.slice.apps/org.etri.slice.generated/org.etri.slice.agents/org.etri.slice.agents.car.objectdetector/src/test/resources
2018-04-04 17:08:25,723 [Worker-10] INFO  o.e.m.c.i.embedder.EclipseLogger - Using 'UTF-8' encoding to copy filtered resources.
2018-04-04 17:08:25,723 [Worker-10] INFO  o.e.m.c.i.embedder.EclipseLogger - Copying 2 resources
2018-04-04 17:08:25,725 [Worker-10] INFO  o.e.m.c.i.embedder.EclipseLogger - Using 'UTF-8' encoding to copy filtered resources.
2018-04-04 17:08:25,725 [Worker-10] INFO  o.e.m.c.i.embedder.EclipseLogger - skip non existing resourceDirectory /Users/yhsuh/development/slice-project/git/slice/org.etri.slice.apps/org.etri.slice.generated/org.etri.slice.agents/org.etri.slice.agents.car.fullbodydetector/src/test/resources
2018-04-04 17:08:25,984 [Worker-10] INFO  o.e.m.c.i.embedder.EclipseLogger - Using 'UTF-8' encoding to copy filtered resources.
2018-04-04 17:08:25,984 [Worker-10] INFO  o.e.m.c.i.embedder.EclipseLogger - Copying 2 resources
2018-04-04 17:08:25,986 [Worker-10] INFO  o.e.m.c.i.embedder.EclipseLogger - Using 'UTF-8' encoding to copy filtered resources.
2018-04-04 17:08:25,986 [Worker-10] INFO  o.e.m.c.i.embedder.EclipseLogger - skip non existing resourceDirectory /Users/yhsuh/development/slice-project/git/slice/org.etri.slice.apps/org.etri.slice.generated/org.etri.slice.agents/org.etri.slice.agents.car.carseat/src/test/resources
2018-04-04 17:08:26,304 [Worker-10] INFO  o.e.m.c.i.embedder.EclipseLogger - Using 'UTF-8' encoding to copy filtered resources.
2018-04-04 17:08:26,304 [Worker-10] INFO  o.e.m.c.i.embedder.EclipseLogger - Copying 2 resources
2018-04-04 17:08:26,306 [Worker-10] INFO  o.e.m.c.i.embedder.EclipseLogger - Using 'UTF-8' encoding to copy filtered resources.
2018-04-04 17:08:26,306 [Worker-10] INFO  o.e.m.c.i.embedder.EclipseLogger - skip non existing resourceDirectory /Users/yhsuh/development/slice-project/git/slice/org.etri.slice.apps/org.etri.slice.generated/org.etri.slice.devices/org.etri.slice.devices.car.carseat/src/test/resources
2018-04-04 17:08:26,534 [Worker-10] INFO  o.e.m.c.i.embedder.EclipseLogger - Using 'UTF-8' encoding to copy filtered resources.
2018-04-04 17:08:26,535 [Worker-10] INFO  o.e.m.c.i.embedder.EclipseLogger - Copying 2 resources
2018-04-04 17:08:26,537 [Worker-10] INFO  o.e.m.c.i.embedder.EclipseLogger - Using 'UTF-8' encoding to copy filtered resources.
2018-04-04 17:08:26,537 [Worker-10] INFO  o.e.m.c.i.embedder.EclipseLogger - skip non existing resourceDirectory /Users/yhsuh/development/slice-project/git/slice/org.etri.slice.apps/org.etri.slice.generated/org.etri.slice.devices/org.etri.slice.devices.car.fullbodydetector/src/test/resources
2018-04-04 17:08:26,762 [Worker-10] INFO  o.e.m.c.i.embedder.EclipseLogger - Using 'UTF-8' encoding to copy filtered resources.
2018-04-04 17:08:26,763 [Worker-10] INFO  o.e.m.c.i.embedder.EclipseLogger - Copying 2 resources
2018-04-04 17:08:26,766 [Worker-10] INFO  o.e.m.c.i.embedder.EclipseLogger - Using 'UTF-8' encoding to copy filtered resources.
2018-04-04 17:08:26,766 [Worker-10] INFO  o.e.m.c.i.embedder.EclipseLogger - skip non existing resourceDirectory /Users/yhsuh/development/slice-project/git/slice/org.etri.slice.apps/org.etri.slice.generated/org.etri.slice.devices/org.etri.slice.devices.car.objectdetector/src/test/resources
2018-04-04 17:08:26,994 [Worker-10] INFO  o.e.m.c.i.embedder.EclipseLogger - Using 'UTF-8' encoding to copy filtered resources.
2018-04-04 17:08:26,994 [Worker-10] INFO  o.e.m.c.i.embedder.EclipseLogger - Copying 2 resources
2018-04-04 17:08:26,997 [Worker-10] INFO  o.e.m.c.i.embedder.EclipseLogger - Using 'UTF-8' encoding to copy filtered resources.
2018-04-04 17:08:26,997 [Worker-10] INFO  o.e.m.c.i.embedder.EclipseLogger - skip non existing resourceDirectory /Users/yhsuh/development/slice-project/git/slice/org.etri.slice.apps/org.etri.slice.generated/org.etri.slice.devices/org.etri.slice.devices.car.pressuresensor/src/test/resources
2018-04-04 17:08:27,201 [Worker-10] INFO  o.e.m.c.i.embedder.EclipseLogger - Using 'UTF-8' encoding to copy filtered resources.
2018-04-04 17:08:27,201 [Worker-10] INFO  o.e.m.c.i.embedder.EclipseLogger - skip non existing resourceDirectory /Users/yhsuh/development/slice-project/git/slice/org.etri.slice.apps/org.etri.slice.generated/org.etri.slice.distribution/src/main/resources
2018-04-04 17:08:27,557 [Worker-10] INFO  o.e.m.c.i.embedder.EclipseLogger - Unpacking /Users/yhsuh/.m2/repository/org/apache/felix/org.apache.felix.ipojo.distribution.quickstart/1.12.1/org.apache.felix.ipojo.distribution.quickstart-1.12.1.zip to /Users/yhsuh/development/slice-project/git/slice/org.etri.slice.apps/org.etri.slice.generated/org.etri.slice.distribution/target/tmp with includes "" and excludes ""
2018-04-04 17:08:27,601 [Worker-10] INFO  o.e.m.c.i.embedder.EclipseLogger - Using 'UTF-8' encoding to copy filtered resources.
2018-04-04 17:08:27,601 [Worker-10] INFO  o.e.m.c.i.embedder.EclipseLogger - Copying 0 resource
2018-04-04 17:08:27,601 [Worker-10] INFO  o.e.m.c.i.embedder.EclipseLogger - Copying 0 resource
2018-04-04 17:08:27,602 [Worker-10] INFO  o.e.m.c.i.embedder.EclipseLogger - Using 'UTF-8' encoding to copy filtered resources.
2018-04-04 17:08:27,602 [Worker-10] INFO  o.e.m.c.i.embedder.EclipseLogger - skip non existing resourceDirectory /Users/yhsuh/development/slice-project/git/slice/org.etri.slice.apps/org.etri.slice.generated/org.etri.slice.distribution/src/test/resources
2018-04-04 17:08:27,622 [Worker-10] INFO  o.e.m.c.i.embedder.EclipseLogger - Copying org.apache.felix.ipojo.handler.eventadmin-1.8.0.jar to /Users/yhsuh/development/slice-project/git/slice/org.etri.slice.apps/org.etri.slice.generated/org.etri.slice.distribution/target/bundle/org.apache.felix.ipojo.handler.eventadmin-1.8.0.jar
2018-04-04 17:08:27,623 [Worker-10] INFO  o.e.m.c.i.embedder.EclipseLogger - Copying org.apache.felix.eventadmin-1.4.10.jar to /Users/yhsuh/development/slice-project/git/slice/org.etri.slice.apps/org.etri.slice.generated/org.etri.slice.distribution/target/bundle/org.apache.felix.eventadmin-1.4.10.jar
2018-04-04 17:08:27,635 [Worker-10] INFO  o.e.m.c.i.embedder.EclipseLogger - Copying org.etri.slice.api-0.9.1.jar to /Users/yhsuh/development/slice-project/git/slice/org.etri.slice.apps/org.etri.slice.generated/org.etri.slice.distribution/target/bundle/org.etri.slice.api-0.9.1.jar
2018-04-04 17:08:27,636 [Worker-10] INFO  o.e.m.c.i.embedder.EclipseLogger - Copying org.etri.slice.core-0.9.1.jar to /Users/yhsuh/development/slice-project/git/slice/org.etri.slice.apps/org.etri.slice.generated/org.etri.slice.distribution/target/bundle/org.etri.slice.core-0.9.1.jar
2018-04-04 17:08:27,650 [Worker-10] INFO  o.e.m.c.i.embedder.EclipseLogger - Copying org.etri.slice.commons-0.9.1.jar to /Users/yhsuh/development/slice-project/git/slice/org.etri.slice.apps/org.etri.slice.generated/org.etri.slice.distribution/target/bundle/org.etri.slice.commons-0.9.1.jar
2018-04-04 17:08:27,678 [Worker-10] INFO  o.e.m.c.i.embedder.EclipseLogger - Copying classes to /Users/yhsuh/development/slice-project/git/slice/org.etri.slice.apps/org.etri.slice.generated/org.etri.slice.distribution/target/bundle/org.etri.slice.commons.car-0.9.1.jar
2018-04-04 17:08:27,903 [Worker-10] WARN  o.e.m.c.i.embedder.EclipseLogger - Using platform encoding (UTF-8 actually) to copy filtered resources, i.e. build is platform dependent!
2018-04-04 17:08:27,904 [Worker-10] INFO  o.e.m.c.i.embedder.EclipseLogger - Copying 5 resources
2018-04-04 17:08:27,913 [Worker-10] WARN  o.e.m.c.i.embedder.EclipseLogger - Using platform encoding (UTF-8 actually) to copy filtered resources, i.e. build is platform dependent!
2018-04-04 17:08:27,914 [Worker-10] INFO  o.e.m.c.i.embedder.EclipseLogger - skip non existing resourceDirectory /Users/yhsuh/development/slice-project/git/slice/org.etri.slice.apps/org.etri.slice.generated/org.etri.slice.rules/org.etri.slice.rules.car.carseat/src/test/resources
2018-04-04 17:08:27,923 [Worker-10] WARN  o.e.m.c.i.embedder.EclipseLogger - Using platform encoding (UTF-8 actually) to copy filtered resources, i.e. build is platform dependent!
2018-04-04 17:08:27,924 [Worker-10] INFO  o.e.m.c.i.embedder.EclipseLogger - Copying 2 resources
2018-04-04 17:08:27,927 [Worker-10] WARN  o.e.m.c.i.embedder.EclipseLogger - Using platform encoding (UTF-8 actually) to copy filtered resources, i.e. build is platform dependent!
2018-04-04 17:08:27,927 [Worker-10] INFO  o.e.m.c.i.embedder.EclipseLogger - skip non existing resourceDirectory /Users/yhsuh/development/slice-project/git/slice/org.etri.slice.apps/org.etri.slice.generated/org.etri.slice.rules/org.etri.slice.rules.car.fullbodydetector/src/test/resources
2018-04-04 17:08:27,935 [Worker-10] WARN  o.e.m.c.i.embedder.EclipseLogger - Using platform encoding (UTF-8 actually) to copy filtered resources, i.e. build is platform dependent!
2018-04-04 17:08:27,936 [Worker-10] INFO  o.e.m.c.i.embedder.EclipseLogger - Copying 2 resources
2018-04-04 17:08:27,938 [Worker-10] WARN  o.e.m.c.i.embedder.EclipseLogger - Using platform encoding (UTF-8 actually) to copy filtered resources, i.e. build is platform dependent!
2018-04-04 17:08:27,939 [Worker-10] INFO  o.e.m.c.i.embedder.EclipseLogger - skip non existing resourceDirectory /Users/yhsuh/development/slice-project/git/slice/org.etri.slice.apps/org.etri.slice.generated/org.etri.slice.rules/org.etri.slice.rules.car.objectdetector/src/test/resources
2018-04-04 17:08:27,945 [Worker-10] WARN  o.e.m.c.i.embedder.EclipseLogger - Using platform encoding (UTF-8 actually) to copy filtered resources, i.e. build is platform dependent!
2018-04-04 17:08:27,946 [Worker-10] INFO  o.e.m.c.i.embedder.EclipseLogger - Copying 2 resources
2018-04-04 17:08:27,949 [Worker-10] WARN  o.e.m.c.i.embedder.EclipseLogger - Using platform encoding (UTF-8 actually) to copy filtered resources, i.e. build is platform dependent!
2018-04-04 17:08:27,949 [Worker-10] INFO  o.e.m.c.i.embedder.EclipseLogger - skip non existing resourceDirectory /Users/yhsuh/development/slice-project/git/slice/org.etri.slice.apps/org.etri.slice.generated/org.etri.slice.rules/org.etri.slice.rules.car.pressuresensor/src/test/resources
2018-04-04 17:13:25,991 [Worker-14] WARN  o.e.m.c.i.embedder.EclipseLogger - Using platform encoding (UTF-8 actually) to copy filtered resources, i.e. build is platform dependent!
2018-04-04 17:13:25,992 [Worker-14] INFO  o.e.m.c.i.embedder.EclipseLogger - skip non existing resourceDirectory /Users/yhsuh/development/slice-project/git/slice/org.etri.slice.apps/src/main/resources
2018-04-04 17:13:25,993 [Worker-14] WARN  o.e.m.c.i.embedder.EclipseLogger - Using platform encoding (UTF-8 actually) to copy filtered resources, i.e. build is platform dependent!
2018-04-04 17:13:25,993 [Worker-14] INFO  o.e.m.c.i.embedder.EclipseLogger - skip non existing resourceDirectory /Users/yhsuh/development/slice-project/git/slice/org.etri.slice.apps/src/test/resources
2018-04-04 17:13:25,995 [Worker-14] WARN  o.e.m.c.i.embedder.EclipseLogger - Using platform encoding (UTF-8 actually) to copy filtered resources, i.e. build is platform dependent!
2018-04-04 17:13:25,998 [Worker-14] INFO  o.e.m.c.i.embedder.EclipseLogger - Copying 0 resource
